<?xml version="1.0" encoding="UTF-8"?>
<!-- Generated by org.testng.reporters.JUnitReportReporter -->
<testsuite hostname="AI317M8JG3" failures="0" tests="2" name="testCases.TC02_InLoginTest_DDT" time="9.221" errors="0" timestamp="2024-10-24T14:40:58 EDT" skipped="0">
  <testcase classname="testCases.TC02_InLoginTest_DDT" name="verify_login" time="1.382"/>
  <testcase classname="testCases.TC02_InLoginTest_DDT" name="verify_login" time="7.839"/>
</testsuite> <!-- testCases.TC02_InLoginTest_DDT -->
