<?xml version="1.0" encoding="UTF-8"?>
<!-- Generated by org.testng.reporters.JUnitReportReporter -->
<testsuite hostname="AI3FQ0WS14" failures="0" tests="3" name="testCases.TC04_RemoveUserTest" time="13.440" errors="0" timestamp="2024-12-16T11:35:18 EST" skipped="0">
  <testcase classname="testCases.TC04_RemoveUserTest" name="verifyRemoveUser" time="3.645"/>
  <testcase classname="testCases.TC04_RemoveUserTest" name="verifyRemoveUser" time="6.064"/>
  <testcase classname="testCases.TC04_RemoveUserTest" name="verifyRemoveUser" time="3.731"/>
</testsuite> <!-- testCases.TC04_RemoveUserTest -->
