<?xml version="1.0" encoding="UTF-8"?>
<!-- Generated by org.testng.reporters.JUnitReportReporter -->
<testsuite hostname="AI3FQ0WS14" failures="0" tests="2" name="testCases.TC02_InLoginTest_DDT" time="5.911" errors="0" timestamp="2024-12-11T16:38:23 EST" skipped="0">
  <testcase classname="testCases.TC02_InLoginTest_DDT" name="verify_login" time="1.612"/>
  <testcase classname="testCases.TC02_InLoginTest_DDT" name="verify_login" time="4.299"/>
</testsuite> <!-- testCases.TC02_InLoginTest_DDT -->
