<?xml version="1.0" encoding="UTF-8"?>
<!-- Generated by org.testng.reporters.JUnitReportReporter -->
<testsuite hostname="AI317M8JG3" failures="0" tests="1" name="testCases.TC01_InLoginTest" time="3.889" errors="0" timestamp="2024-10-24T14:43:21 EDT" skipped="0">
  <testcase classname="testCases.TC01_InLoginTest" name="verify_login" time="3.889"/>
</testsuite> <!-- testCases.TC01_InLoginTest -->
