<?xml version="1.0" encoding="UTF-8"?>
<!-- Generated by org.testng.reporters.JUnitReportReporter -->
<testsuite hostname="AI3FQ0WS14" failures="0" tests="1" name="testCases.TC03_AddProviderCodeInformation" time="10.920" errors="0" timestamp="2024-12-11T16:31:03 EST" skipped="0">
  <testcase classname="testCases.TC03_AddProviderCodeInformation" name="verify_copy_provider" time="10.920"/>
</testsuite> <!-- testCases.TC03_AddProviderCodeInformation -->
